<?xml version="1.0" encoding="UTF-8"?>
<!-- Generated by org.testng.reporters.JUnitReportReporter -->
<testsuite skipped="0" hostname="Oleksandrs-MacBook-Pro.local" name="com.automation.tests.TestNGTest" tests="1" failures="0" timestamp="10 Jan 2022 23:43:58 GMT" time="0.006" errors="0">
  <testcase name="secondTest" time="0.006" classname="com.automation.tests.TestNGTest"/>
</testsuite> <!-- com.automation.tests.TestNGTest -->
