<?xml version="1.0" encoding="UTF-8"?>
<!-- Generated by org.testng.reporters.JUnitReportReporter -->
<testsuite skipped="0" hostname="Oleksandrs-MacBook-Pro.local" name="com.automation.tests.LoginTest" tests="1" failures="0" timestamp="03 Feb 2022 02:31:57 GMT" time="3.775" errors="0">
  <testcase name="verifyUserCanLogin" time="3.775" classname="com.automation.tests.LoginTest"/>
</testsuite> <!-- com.automation.tests.LoginTest -->
